<?xml version="1.0" encoding="UTF-8"?>
<!-- Generated by org.testng.reporters.JUnitReportReporter -->
<testsuite hostname="DESKTOP-MQGQOGA" name="com.qa.qaclick.testscenarios1.landingPageTest" tests="1" failures="0" timestamp="12 Aug 2020 23:54:28 GMT" time="3.952" errors="0">
  <testcase name="check_If_Featured_Courses_Text_is_Present" time="3.952" classname="com.qa.qaclick.testscenarios1.landingPageTest"/>
</testsuite> <!-- com.qa.qaclick.testscenarios1.landingPageTest -->
